Started GET "/" for 127.0.0.1 at 2018-02-02 15:07:18 +0700
Processing by Rails::WelcomeController#index as HTML
  Rendering /Users/nvan/.rbenv/versions/2.4.2/lib/ruby/gems/2.4.0/gems/railties-5.2.0.rc1/lib/rails/templates/rails/welcome/index.html.erb
  Rendered /Users/nvan/.rbenv/versions/2.4.2/lib/ruby/gems/2.4.0/gems/railties-5.2.0.rc1/lib/rails/templates/rails/welcome/index.html.erb (6.0ms)
Completed 200 OK in 36ms (Views: 24.6ms | ActiveRecord: 0.0ms)


Started GET "/index" for 127.0.0.1 at 2018-02-02 15:07:27 +0700
  
ActionController::RoutingError (No route matches [GET] "/index"):
  
actionpack (5.2.0.rc1) lib/action_dispatch/middleware/debug_exceptions.rb:65:in `call'
web-console (3.5.1) lib/web_console/middleware.rb:135:in `call_app'
web-console (3.5.1) lib/web_console/middleware.rb:28:in `block in call'
web-console (3.5.1) lib/web_console/middleware.rb:18:in `catch'
web-console (3.5.1) lib/web_console/middleware.rb:18:in `call'
actionpack (5.2.0.rc1) lib/action_dispatch/middleware/show_exceptions.rb:33:in `call'
railties (5.2.0.rc1) lib/rails/rack/logger.rb:38:in `call_app'
railties (5.2.0.rc1) lib/rails/rack/logger.rb:26:in `block in call'
activesupport (5.2.0.rc1) lib/active_support/tagged_logging.rb:71:in `block in tagged'
activesupport (5.2.0.rc1) lib/active_support/tagged_logging.rb:28:in `tagged'
activesupport (5.2.0.rc1) lib/active_support/tagged_logging.rb:71:in `tagged'
railties (5.2.0.rc1) lib/rails/rack/logger.rb:26:in `call'
sprockets-rails (3.2.1) lib/sprockets/rails/quiet_assets.rb:13:in `call'
actionpack (5.2.0.rc1) lib/action_dispatch/middleware/remote_ip.rb:81:in `call'
actionpack (5.2.0.rc1) lib/action_dispatch/middleware/request_id.rb:27:in `call'
rack (2.0.4) lib/rack/method_override.rb:22:in `call'
rack (2.0.4) lib/rack/runtime.rb:22:in `call'
activesupport (5.2.0.rc1) lib/active_support/cache/strategy/local_cache_middleware.rb:29:in `call'
actionpack (5.2.0.rc1) lib/action_dispatch/middleware/executor.rb:14:in `call'
actionpack (5.2.0.rc1) lib/action_dispatch/middleware/static.rb:127:in `call'
rack (2.0.4) lib/rack/sendfile.rb:111:in `call'
webpacker (3.2.1) lib/webpacker/dev_server_proxy.rb:18:in `perform_request'
rack-proxy (0.6.3) lib/rack/proxy.rb:57:in `call'
railties (5.2.0.rc1) lib/rails/engine.rb:524:in `call'
puma (3.11.2) lib/puma/configuration.rb:225:in `call'
puma (3.11.2) lib/puma/server.rb:624:in `handle_request'
puma (3.11.2) lib/puma/server.rb:438:in `process_client'
puma (3.11.2) lib/puma/server.rb:302:in `block in run'
puma (3.11.2) lib/puma/thread_pool.rb:120:in `block in spawn_thread'
Started GET "/demo/index" for 127.0.0.1 at 2018-02-02 15:07:42 +0700
Processing by DemoController#index as HTML
  Rendering demo/index.html.erb within layouts/application
  Rendered demo/index.html.erb within layouts/application (0.4ms)
Completed 200 OK in 2039ms (Views: 2036.0ms | ActiveRecord: 0.0ms)


Started GET "/demo" for 127.0.0.1 at 2018-02-02 15:36:58 +0700
  
ActionController::RoutingError (No route matches [GET] "/demo"):
  
actionpack (5.2.0.rc1) lib/action_dispatch/middleware/debug_exceptions.rb:65:in `call'
web-console (3.5.1) lib/web_console/middleware.rb:135:in `call_app'
web-console (3.5.1) lib/web_console/middleware.rb:28:in `block in call'
web-console (3.5.1) lib/web_console/middleware.rb:18:in `catch'
web-console (3.5.1) lib/web_console/middleware.rb:18:in `call'
actionpack (5.2.0.rc1) lib/action_dispatch/middleware/show_exceptions.rb:33:in `call'
railties (5.2.0.rc1) lib/rails/rack/logger.rb:38:in `call_app'
railties (5.2.0.rc1) lib/rails/rack/logger.rb:26:in `block in call'
activesupport (5.2.0.rc1) lib/active_support/tagged_logging.rb:71:in `block in tagged'
activesupport (5.2.0.rc1) lib/active_support/tagged_logging.rb:28:in `tagged'
activesupport (5.2.0.rc1) lib/active_support/tagged_logging.rb:71:in `tagged'
railties (5.2.0.rc1) lib/rails/rack/logger.rb:26:in `call'
sprockets-rails (3.2.1) lib/sprockets/rails/quiet_assets.rb:13:in `call'
actionpack (5.2.0.rc1) lib/action_dispatch/middleware/remote_ip.rb:81:in `call'
actionpack (5.2.0.rc1) lib/action_dispatch/middleware/request_id.rb:27:in `call'
rack (2.0.4) lib/rack/method_override.rb:22:in `call'
rack (2.0.4) lib/rack/runtime.rb:22:in `call'
activesupport (5.2.0.rc1) lib/active_support/cache/strategy/local_cache_middleware.rb:29:in `call'
actionpack (5.2.0.rc1) lib/action_dispatch/middleware/executor.rb:14:in `call'
actionpack (5.2.0.rc1) lib/action_dispatch/middleware/static.rb:127:in `call'
rack (2.0.4) lib/rack/sendfile.rb:111:in `call'
webpacker (3.2.1) lib/webpacker/dev_server_proxy.rb:18:in `perform_request'
rack-proxy (0.6.3) lib/rack/proxy.rb:57:in `call'
railties (5.2.0.rc1) lib/rails/engine.rb:524:in `call'
puma (3.11.2) lib/puma/configuration.rb:225:in `call'
puma (3.11.2) lib/puma/server.rb:624:in `handle_request'
puma (3.11.2) lib/puma/server.rb:438:in `process_client'
puma (3.11.2) lib/puma/server.rb:302:in `block in run'
puma (3.11.2) lib/puma/thread_pool.rb:120:in `block in spawn_thread'
Started GET "/demo/index" for 127.0.0.1 at 2018-02-02 15:37:05 +0700
Processing by DemoController#index as HTML
  Rendering demo/index.html.erb within layouts/application
  Rendered demo/index.html.erb within layouts/application (1.1ms)
Completed 200 OK in 1376ms (Views: 1370.8ms | ActiveRecord: 0.0ms)


Started GET "/demo/application.css" for 127.0.0.1 at 2018-02-02 15:37:07 +0700
  
ActionController::RoutingError (No route matches [GET] "/demo/application.css"):
  
actionpack (5.2.0.rc1) lib/action_dispatch/middleware/debug_exceptions.rb:65:in `call'
web-console (3.5.1) lib/web_console/middleware.rb:135:in `call_app'
web-console (3.5.1) lib/web_console/middleware.rb:28:in `block in call'
web-console (3.5.1) lib/web_console/middleware.rb:18:in `catch'
web-console (3.5.1) lib/web_console/middleware.rb:18:in `call'
actionpack (5.2.0.rc1) lib/action_dispatch/middleware/show_exceptions.rb:33:in `call'
railties (5.2.0.rc1) lib/rails/rack/logger.rb:38:in `call_app'
railties (5.2.0.rc1) lib/rails/rack/logger.rb:26:in `block in call'
activesupport (5.2.0.rc1) lib/active_support/tagged_logging.rb:71:in `block in tagged'
activesupport (5.2.0.rc1) lib/active_support/tagged_logging.rb:28:in `tagged'
activesupport (5.2.0.rc1) lib/active_support/tagged_logging.rb:71:in `tagged'
railties (5.2.0.rc1) lib/rails/rack/logger.rb:26:in `call'
sprockets-rails (3.2.1) lib/sprockets/rails/quiet_assets.rb:13:in `call'
actionpack (5.2.0.rc1) lib/action_dispatch/middleware/remote_ip.rb:81:in `call'
actionpack (5.2.0.rc1) lib/action_dispatch/middleware/request_id.rb:27:in `call'
rack (2.0.4) lib/rack/method_override.rb:22:in `call'
rack (2.0.4) lib/rack/runtime.rb:22:in `call'
activesupport (5.2.0.rc1) lib/active_support/cache/strategy/local_cache_middleware.rb:29:in `call'
actionpack (5.2.0.rc1) lib/action_dispatch/middleware/executor.rb:14:in `call'
actionpack (5.2.0.rc1) lib/action_dispatch/middleware/static.rb:127:in `call'
rack (2.0.4) lib/rack/sendfile.rb:111:in `call'
webpacker (3.2.1) lib/webpacker/dev_server_proxy.rb:18:in `perform_request'
rack-proxy (0.6.3) lib/rack/proxy.rb:57:in `call'
railties (5.2.0.rc1) lib/rails/engine.rb:524:in `call'
puma (3.11.2) lib/puma/configuration.rb:225:in `call'
puma (3.11.2) lib/puma/server.rb:624:in `handle_request'
puma (3.11.2) lib/puma/server.rb:438:in `process_client'
puma (3.11.2) lib/puma/server.rb:302:in `block in run'
puma (3.11.2) lib/puma/thread_pool.rb:120:in `block in spawn_thread'
Started GET "/demo/application.css" for 127.0.0.1 at 2018-02-02 15:37:32 +0700
  
ActionController::RoutingError (No route matches [GET] "/demo/application.css"):
  
actionpack (5.2.0.rc1) lib/action_dispatch/middleware/debug_exceptions.rb:65:in `call'
web-console (3.5.1) lib/web_console/middleware.rb:135:in `call_app'
web-console (3.5.1) lib/web_console/middleware.rb:28:in `block in call'
web-console (3.5.1) lib/web_console/middleware.rb:18:in `catch'
web-console (3.5.1) lib/web_console/middleware.rb:18:in `call'
actionpack (5.2.0.rc1) lib/action_dispatch/middleware/show_exceptions.rb:33:in `call'
railties (5.2.0.rc1) lib/rails/rack/logger.rb:38:in `call_app'
railties (5.2.0.rc1) lib/rails/rack/logger.rb:26:in `block in call'
activesupport (5.2.0.rc1) lib/active_support/tagged_logging.rb:71:in `block in tagged'
activesupport (5.2.0.rc1) lib/active_support/tagged_logging.rb:28:in `tagged'
activesupport (5.2.0.rc1) lib/active_support/tagged_logging.rb:71:in `tagged'
railties (5.2.0.rc1) lib/rails/rack/logger.rb:26:in `call'
sprockets-rails (3.2.1) lib/sprockets/rails/quiet_assets.rb:13:in `call'
actionpack (5.2.0.rc1) lib/action_dispatch/middleware/remote_ip.rb:81:in `call'
actionpack (5.2.0.rc1) lib/action_dispatch/middleware/request_id.rb:27:in `call'
rack (2.0.4) lib/rack/method_override.rb:22:in `call'
rack (2.0.4) lib/rack/runtime.rb:22:in `call'
activesupport (5.2.0.rc1) lib/active_support/cache/strategy/local_cache_middleware.rb:29:in `call'
actionpack (5.2.0.rc1) lib/action_dispatch/middleware/executor.rb:14:in `call'
actionpack (5.2.0.rc1) lib/action_dispatch/middleware/static.rb:127:in `call'
rack (2.0.4) lib/rack/sendfile.rb:111:in `call'
webpacker (3.2.1) lib/webpacker/dev_server_proxy.rb:18:in `perform_request'
rack-proxy (0.6.3) lib/rack/proxy.rb:57:in `call'
railties (5.2.0.rc1) lib/rails/engine.rb:524:in `call'
puma (3.11.2) lib/puma/configuration.rb:225:in `call'
puma (3.11.2) lib/puma/server.rb:624:in `handle_request'
puma (3.11.2) lib/puma/server.rb:438:in `process_client'
puma (3.11.2) lib/puma/server.rb:302:in `block in run'
puma (3.11.2) lib/puma/thread_pool.rb:120:in `block in spawn_thread'
Started GET "/demo/index" for 127.0.0.1 at 2018-02-02 15:37:40 +0700
Processing by DemoController#index as HTML
  Rendering demo/index.html.erb within layouts/application
  Rendered demo/index.html.erb within layouts/application (0.4ms)
Completed 200 OK in 31ms (Views: 28.5ms | ActiveRecord: 0.0ms)


Started GET "/demo/application.css" for 127.0.0.1 at 2018-02-02 15:37:40 +0700
  
ActionController::RoutingError (No route matches [GET] "/demo/application.css"):
  
actionpack (5.2.0.rc1) lib/action_dispatch/middleware/debug_exceptions.rb:65:in `call'
web-console (3.5.1) lib/web_console/middleware.rb:135:in `call_app'
web-console (3.5.1) lib/web_console/middleware.rb:28:in `block in call'
web-console (3.5.1) lib/web_console/middleware.rb:18:in `catch'
web-console (3.5.1) lib/web_console/middleware.rb:18:in `call'
actionpack (5.2.0.rc1) lib/action_dispatch/middleware/show_exceptions.rb:33:in `call'
railties (5.2.0.rc1) lib/rails/rack/logger.rb:38:in `call_app'
railties (5.2.0.rc1) lib/rails/rack/logger.rb:26:in `block in call'
activesupport (5.2.0.rc1) lib/active_support/tagged_logging.rb:71:in `block in tagged'
activesupport (5.2.0.rc1) lib/active_support/tagged_logging.rb:28:in `tagged'
activesupport (5.2.0.rc1) lib/active_support/tagged_logging.rb:71:in `tagged'
railties (5.2.0.rc1) lib/rails/rack/logger.rb:26:in `call'
sprockets-rails (3.2.1) lib/sprockets/rails/quiet_assets.rb:13:in `call'
actionpack (5.2.0.rc1) lib/action_dispatch/middleware/remote_ip.rb:81:in `call'
actionpack (5.2.0.rc1) lib/action_dispatch/middleware/request_id.rb:27:in `call'
rack (2.0.4) lib/rack/method_override.rb:22:in `call'
rack (2.0.4) lib/rack/runtime.rb:22:in `call'
activesupport (5.2.0.rc1) lib/active_support/cache/strategy/local_cache_middleware.rb:29:in `call'
actionpack (5.2.0.rc1) lib/action_dispatch/middleware/executor.rb:14:in `call'
actionpack (5.2.0.rc1) lib/action_dispatch/middleware/static.rb:127:in `call'
rack (2.0.4) lib/rack/sendfile.rb:111:in `call'
webpacker (3.2.1) lib/webpacker/dev_server_proxy.rb:18:in `perform_request'
rack-proxy (0.6.3) lib/rack/proxy.rb:57:in `call'
railties (5.2.0.rc1) lib/rails/engine.rb:524:in `call'
puma (3.11.2) lib/puma/configuration.rb:225:in `call'
puma (3.11.2) lib/puma/server.rb:624:in `handle_request'
puma (3.11.2) lib/puma/server.rb:438:in `process_client'
puma (3.11.2) lib/puma/server.rb:302:in `block in run'
puma (3.11.2) lib/puma/thread_pool.rb:120:in `block in spawn_thread'
Started GET "/demo/index" for 127.0.0.1 at 2018-02-02 15:38:36 +0700
Processing by DemoController#index as HTML
  Rendering demo/index.html.erb within layouts/application
  Rendered demo/index.html.erb within layouts/application (0.3ms)
Completed 200 OK in 25ms (Views: 22.6ms | ActiveRecord: 0.0ms)


Started GET "/demo/assets/stylesheets/application.css" for 127.0.0.1 at 2018-02-02 15:38:36 +0700
  
ActionController::RoutingError (No route matches [GET] "/demo/assets/stylesheets/application.css"):
  
actionpack (5.2.0.rc1) lib/action_dispatch/middleware/debug_exceptions.rb:65:in `call'
web-console (3.5.1) lib/web_console/middleware.rb:135:in `call_app'
web-console (3.5.1) lib/web_console/middleware.rb:28:in `block in call'
web-console (3.5.1) lib/web_console/middleware.rb:18:in `catch'
web-console (3.5.1) lib/web_console/middleware.rb:18:in `call'
actionpack (5.2.0.rc1) lib/action_dispatch/middleware/show_exceptions.rb:33:in `call'
railties (5.2.0.rc1) lib/rails/rack/logger.rb:38:in `call_app'
railties (5.2.0.rc1) lib/rails/rack/logger.rb:26:in `block in call'
activesupport (5.2.0.rc1) lib/active_support/tagged_logging.rb:71:in `block in tagged'
activesupport (5.2.0.rc1) lib/active_support/tagged_logging.rb:28:in `tagged'
activesupport (5.2.0.rc1) lib/active_support/tagged_logging.rb:71:in `tagged'
railties (5.2.0.rc1) lib/rails/rack/logger.rb:26:in `call'
sprockets-rails (3.2.1) lib/sprockets/rails/quiet_assets.rb:13:in `call'
actionpack (5.2.0.rc1) lib/action_dispatch/middleware/remote_ip.rb:81:in `call'
actionpack (5.2.0.rc1) lib/action_dispatch/middleware/request_id.rb:27:in `call'
rack (2.0.4) lib/rack/method_override.rb:22:in `call'
rack (2.0.4) lib/rack/runtime.rb:22:in `call'
activesupport (5.2.0.rc1) lib/active_support/cache/strategy/local_cache_middleware.rb:29:in `call'
actionpack (5.2.0.rc1) lib/action_dispatch/middleware/executor.rb:14:in `call'
actionpack (5.2.0.rc1) lib/action_dispatch/middleware/static.rb:127:in `call'
rack (2.0.4) lib/rack/sendfile.rb:111:in `call'
webpacker (3.2.1) lib/webpacker/dev_server_proxy.rb:18:in `perform_request'
rack-proxy (0.6.3) lib/rack/proxy.rb:57:in `call'
railties (5.2.0.rc1) lib/rails/engine.rb:524:in `call'
puma (3.11.2) lib/puma/configuration.rb:225:in `call'
puma (3.11.2) lib/puma/server.rb:624:in `handle_request'
puma (3.11.2) lib/puma/server.rb:438:in `process_client'
puma (3.11.2) lib/puma/server.rb:302:in `block in run'
puma (3.11.2) lib/puma/thread_pool.rb:120:in `block in spawn_thread'
Started GET "/demo/assets/stylesheets/application.css" for 127.0.0.1 at 2018-02-02 15:39:11 +0700
  
ActionController::RoutingError (No route matches [GET] "/demo/assets/stylesheets/application.css"):
  
actionpack (5.2.0.rc1) lib/action_dispatch/middleware/debug_exceptions.rb:65:in `call'
web-console (3.5.1) lib/web_console/middleware.rb:135:in `call_app'
web-console (3.5.1) lib/web_console/middleware.rb:28:in `block in call'
web-console (3.5.1) lib/web_console/middleware.rb:18:in `catch'
web-console (3.5.1) lib/web_console/middleware.rb:18:in `call'
actionpack (5.2.0.rc1) lib/action_dispatch/middleware/show_exceptions.rb:33:in `call'
railties (5.2.0.rc1) lib/rails/rack/logger.rb:38:in `call_app'
railties (5.2.0.rc1) lib/rails/rack/logger.rb:26:in `block in call'
activesupport (5.2.0.rc1) lib/active_support/tagged_logging.rb:71:in `block in tagged'
activesupport (5.2.0.rc1) lib/active_support/tagged_logging.rb:28:in `tagged'
activesupport (5.2.0.rc1) lib/active_support/tagged_logging.rb:71:in `tagged'
railties (5.2.0.rc1) lib/rails/rack/logger.rb:26:in `call'
sprockets-rails (3.2.1) lib/sprockets/rails/quiet_assets.rb:13:in `call'
actionpack (5.2.0.rc1) lib/action_dispatch/middleware/remote_ip.rb:81:in `call'
actionpack (5.2.0.rc1) lib/action_dispatch/middleware/request_id.rb:27:in `call'
rack (2.0.4) lib/rack/method_override.rb:22:in `call'
rack (2.0.4) lib/rack/runtime.rb:22:in `call'
activesupport (5.2.0.rc1) lib/active_support/cache/strategy/local_cache_middleware.rb:29:in `call'
actionpack (5.2.0.rc1) lib/action_dispatch/middleware/executor.rb:14:in `call'
actionpack (5.2.0.rc1) lib/action_dispatch/middleware/static.rb:127:in `call'
rack (2.0.4) lib/rack/sendfile.rb:111:in `call'
webpacker (3.2.1) lib/webpacker/dev_server_proxy.rb:18:in `perform_request'
rack-proxy (0.6.3) lib/rack/proxy.rb:57:in `call'
railties (5.2.0.rc1) lib/rails/engine.rb:524:in `call'
puma (3.11.2) lib/puma/configuration.rb:225:in `call'
puma (3.11.2) lib/puma/server.rb:624:in `handle_request'
puma (3.11.2) lib/puma/server.rb:438:in `process_client'
puma (3.11.2) lib/puma/server.rb:302:in `block in run'
puma (3.11.2) lib/puma/thread_pool.rb:120:in `block in spawn_thread'
Started GET "/demo/app/assets/stylesheets/application.css" for 127.0.0.1 at 2018-02-02 15:39:51 +0700
  
ActionController::RoutingError (No route matches [GET] "/demo/app/assets/stylesheets/application.css"):
  
actionpack (5.2.0.rc1) lib/action_dispatch/middleware/debug_exceptions.rb:65:in `call'
web-console (3.5.1) lib/web_console/middleware.rb:135:in `call_app'
web-console (3.5.1) lib/web_console/middleware.rb:28:in `block in call'
web-console (3.5.1) lib/web_console/middleware.rb:18:in `catch'
web-console (3.5.1) lib/web_console/middleware.rb:18:in `call'
actionpack (5.2.0.rc1) lib/action_dispatch/middleware/show_exceptions.rb:33:in `call'
railties (5.2.0.rc1) lib/rails/rack/logger.rb:38:in `call_app'
railties (5.2.0.rc1) lib/rails/rack/logger.rb:26:in `block in call'
activesupport (5.2.0.rc1) lib/active_support/tagged_logging.rb:71:in `block in tagged'
activesupport (5.2.0.rc1) lib/active_support/tagged_logging.rb:28:in `tagged'
activesupport (5.2.0.rc1) lib/active_support/tagged_logging.rb:71:in `tagged'
railties (5.2.0.rc1) lib/rails/rack/logger.rb:26:in `call'
sprockets-rails (3.2.1) lib/sprockets/rails/quiet_assets.rb:13:in `call'
actionpack (5.2.0.rc1) lib/action_dispatch/middleware/remote_ip.rb:81:in `call'
actionpack (5.2.0.rc1) lib/action_dispatch/middleware/request_id.rb:27:in `call'
rack (2.0.4) lib/rack/method_override.rb:22:in `call'
rack (2.0.4) lib/rack/runtime.rb:22:in `call'
activesupport (5.2.0.rc1) lib/active_support/cache/strategy/local_cache_middleware.rb:29:in `call'
actionpack (5.2.0.rc1) lib/action_dispatch/middleware/executor.rb:14:in `call'
actionpack (5.2.0.rc1) lib/action_dispatch/middleware/static.rb:127:in `call'
rack (2.0.4) lib/rack/sendfile.rb:111:in `call'
webpacker (3.2.1) lib/webpacker/dev_server_proxy.rb:18:in `perform_request'
rack-proxy (0.6.3) lib/rack/proxy.rb:57:in `call'
railties (5.2.0.rc1) lib/rails/engine.rb:524:in `call'
puma (3.11.2) lib/puma/configuration.rb:225:in `call'
puma (3.11.2) lib/puma/server.rb:624:in `handle_request'
puma (3.11.2) lib/puma/server.rb:438:in `process_client'
puma (3.11.2) lib/puma/server.rb:302:in `block in run'
puma (3.11.2) lib/puma/thread_pool.rb:120:in `block in spawn_thread'
Started GET "/demo/app/assets/stylesheets/application.css" for 127.0.0.1 at 2018-02-02 15:39:54 +0700
  
ActionController::RoutingError (No route matches [GET] "/demo/app/assets/stylesheets/application.css"):
  
actionpack (5.2.0.rc1) lib/action_dispatch/middleware/debug_exceptions.rb:65:in `call'
web-console (3.5.1) lib/web_console/middleware.rb:135:in `call_app'
web-console (3.5.1) lib/web_console/middleware.rb:28:in `block in call'
web-console (3.5.1) lib/web_console/middleware.rb:18:in `catch'
web-console (3.5.1) lib/web_console/middleware.rb:18:in `call'
actionpack (5.2.0.rc1) lib/action_dispatch/middleware/show_exceptions.rb:33:in `call'
railties (5.2.0.rc1) lib/rails/rack/logger.rb:38:in `call_app'
railties (5.2.0.rc1) lib/rails/rack/logger.rb:26:in `block in call'
activesupport (5.2.0.rc1) lib/active_support/tagged_logging.rb:71:in `block in tagged'
activesupport (5.2.0.rc1) lib/active_support/tagged_logging.rb:28:in `tagged'
activesupport (5.2.0.rc1) lib/active_support/tagged_logging.rb:71:in `tagged'
railties (5.2.0.rc1) lib/rails/rack/logger.rb:26:in `call'
sprockets-rails (3.2.1) lib/sprockets/rails/quiet_assets.rb:13:in `call'
actionpack (5.2.0.rc1) lib/action_dispatch/middleware/remote_ip.rb:81:in `call'
actionpack (5.2.0.rc1) lib/action_dispatch/middleware/request_id.rb:27:in `call'
rack (2.0.4) lib/rack/method_override.rb:22:in `call'
rack (2.0.4) lib/rack/runtime.rb:22:in `call'
activesupport (5.2.0.rc1) lib/active_support/cache/strategy/local_cache_middleware.rb:29:in `call'
actionpack (5.2.0.rc1) lib/action_dispatch/middleware/executor.rb:14:in `call'
actionpack (5.2.0.rc1) lib/action_dispatch/middleware/static.rb:127:in `call'
rack (2.0.4) lib/rack/sendfile.rb:111:in `call'
webpacker (3.2.1) lib/webpacker/dev_server_proxy.rb:18:in `perform_request'
rack-proxy (0.6.3) lib/rack/proxy.rb:57:in `call'
railties (5.2.0.rc1) lib/rails/engine.rb:524:in `call'
puma (3.11.2) lib/puma/configuration.rb:225:in `call'
puma (3.11.2) lib/puma/server.rb:624:in `handle_request'
puma (3.11.2) lib/puma/server.rb:438:in `process_client'
puma (3.11.2) lib/puma/server.rb:302:in `block in run'
puma (3.11.2) lib/puma/thread_pool.rb:120:in `block in spawn_thread'
Started GET "/demo/index" for 127.0.0.1 at 2018-02-02 15:40:34 +0700
Processing by DemoController#index as HTML
  Rendering demo/index.html.erb within layouts/application
  Rendered demo/index.html.erb within layouts/application (0.4ms)
Completed 200 OK in 36ms (Views: 32.7ms | ActiveRecord: 0.0ms)


Started GET "/demo/index" for 127.0.0.1 at 2018-02-02 15:41:27 +0700
Processing by DemoController#index as HTML
  Rendering demo/index.html.erb within layouts/application
  Rendered demo/index.html.erb within layouts/application (0.4ms)
Completed 200 OK in 26ms (Views: 23.0ms | ActiveRecord: 0.0ms)


Started GET "/demo/index" for 127.0.0.1 at 2018-02-02 15:41:54 +0700
Processing by DemoController#index as HTML
  Rendering demo/index.html.erb within layouts/application
  Rendered demo/index.html.erb within layouts/application (1.1ms)
Completed 200 OK in 30ms (Views: 26.5ms | ActiveRecord: 0.0ms)


Started GET "/demo/index" for 127.0.0.1 at 2018-02-02 15:43:15 +0700
Processing by DemoController#index as HTML
  Rendering demo/index.html.erb within layouts/application
  Rendered demo/index.html.erb within layouts/application (0.4ms)
Completed 200 OK in 25ms (Views: 22.9ms | ActiveRecord: 0.0ms)


Started GET "/demo/index" for 127.0.0.1 at 2018-02-02 15:45:24 +0700
Processing by DemoController#index as HTML
  Rendering demo/index.html.erb within layouts/application
  Rendered demo/index.html.erb within layouts/application (1.6ms)
Completed 200 OK in 1455ms (Views: 1440.7ms | ActiveRecord: 0.0ms)


Started GET "/demo/index" for 127.0.0.1 at 2018-02-02 15:46:04 +0700
Processing by DemoController#index as HTML
  Rendering demo/index.html.erb within layouts/application
  Rendered demo/index.html.erb within layouts/application (0.6ms)
Completed 200 OK in 29ms (Views: 27.1ms | ActiveRecord: 0.0ms)


Started GET "/demo/index" for 127.0.0.1 at 2018-02-02 15:47:59 +0700
Processing by DemoController#index as HTML
  Rendering demo/index.html.erb within layouts/application
  Rendered demo/index.html.erb within layouts/application (1.0ms)
Completed 200 OK in 1348ms (Views: 1338.6ms | ActiveRecord: 0.0ms)


